Arguments: 
  C:\Program Files\nodejs\node.exe C:\Users\kench\AppData\Roaming\npm\node_modules\yarn\bin\yarn.js add moedim

PATH: 
  C:\Program Files\Common Files\Oracle\Java\javapath;C:\WINDOWS\system32;C:\WINDOWS;C:\WINDOWS\System32\Wbem;C:\WINDOWS\System32\WindowsPowerShell\v1.0\;C:\WINDOWS\System32\OpenSSH\;C:\Program Files\TortoiseSVN\bin;C:\Program Files\nodejs\;C:\Program Files\Git\cmd;C:\Program Files (x86)\GitExtensions\;C:\Program Files\Azure Data Studio\bin;C:\Program Files (x86)\Microsoft SQL Server\160\Tools\Binn\;C:\Program Files\Microsoft SQL Server\160\Tools\Binn\;C:\Program Files\Microsoft SQL Server\Client SDK\ODBC\170\Tools\Binn\;C:\Program Files\Microsoft SQL Server\160\DTS\Binn\;C:\Program Files (x86)\Microsoft SQL Server\160\DTS\Binn\;C:\Users\kench\AppData\Local\Microsoft\WindowsApps;C:\Users\kench\AppData\Local\Programs\Microsoft VS Code\bin;C:\Users\kench\AppData\Roaming\npm;C:\Users\kench\AppData\Local\Android\Sdk\platform-tools;C:\Users\kench\AppData\Local\Android\Sdk\cmdline-tools\latest\bin;C:\Users\kench\AppData\Local\Android\Sdk\tools\emulator;C:\Users\kench\.gradle;C:\src\flutter\bin;;C:\Program Files\Azure Data Studio\bin

Yarn version: 
  1.22.19

Node version: 
  16.17.0

Platform: 
  win32 x64

Trace: 
  Error: unable to verify the first certificate
      at TLSSocket.onConnectSecure (node:_tls_wrap:1535:34)
      at TLSSocket.emit (node:events:513:28)
      at TLSSocket._finishInit (node:_tls_wrap:949:8)
      at TLSWrap.ssl.onhandshakedone (node:_tls_wrap:730:12)

npm manifest: 
  {
    "name": "my-app",
    "version": "0.1.0",
    "private": true,
    "dependencies": {
      "@testing-library/jest-dom": "^5.16.5",
      "@testing-library/react": "^13.4.0",
      "@testing-library/user-event": "^13.5.0",
      "add": "^2.0.6",
      "bootstrap": "^5.2.3",
      "jquery": "^3.6.4",
      "moedim": "^0.5.0",
      "react": "^18.2.0",
      "react-bootstrap": "^2.7.4",
      "react-dom": "^18.2.0",
      "react-router-dom": "^6.11.0",
      "react-scripts": "5.0.1",
      "web-vitals": "^2.1.4",
      "yarn": "^1.22.19"
    },
    "scripts": {
      "start": "react-scripts start",
      "build": "react-scripts build",
      "test": "react-scripts test",
      "eject": "react-scripts eject"
    },
    "eslintConfig": {
      "extends": [
        "react-app",
        "react-app/jest"
      ]
    },
    "browserslist": {
      "production": [
        ">0.2%",
        "not dead",
        "not op_mini all"
      ],
      "development": [
        "last 1 chrome version",
        "last 1 firefox version",
        "last 1 safari version"
      ]
    }
  }

yarn manifest: 
  No manifest

Lockfile: 
  No lockfile
